{
  "RSpec": {
    "coverage": {
      "/home/awsmsid/Desktop/Apps/tv_series_assignment/app/controllers/application_controller.rb": {
        "lines": [
          null,
          null,
          1,
          null
        ]
      },
      "/home/awsmsid/Desktop/Apps/tv_series_assignment/app/controllers/tv_series_controller.rb": {
        "lines": [
          null,
          null,
          1,
          1,
          1,
          1,
          1,
          null,
          null,
          null
        ]
      },
      "/home/awsmsid/Desktop/Apps/tv_series_assignment/app/datatables/tv_series_datatable.rb": {
        "lines": [
          null,
          null,
          1,
          1,
          0,
          null,
          null,
          null,
          null,
          null,
          null,
          null,
          null,
          null,
          null,
          null,
          null,
          1,
          0,
          null,
          0,
          null,
          null,
          null,
          null,
          null,
          null,
          null,
          null,
          null,
          null,
          null,
          null,
          1,
          0,
          null,
          null
        ]
      },
      "/home/awsmsid/Desktop/Apps/tv_series_assignment/app/jobs/application_job.rb": {
        "lines": [
          null,
          null,
          1,
          null,
          null,
          null,
          null,
          null,
          null
        ]
      },
      "/home/awsmsid/Desktop/Apps/tv_series_assignment/app/mailers/application_mailer.rb": {
        "lines": [
          null,
          null,
          1,
          1,
          1,
          null
        ]
      },
      "/home/awsmsid/Desktop/Apps/tv_series_assignment/app/models/actor.rb": {
        "lines": [
          null,
          null,
          1,
          1,
          1,
          1,
          null
        ]
      },
      "/home/awsmsid/Desktop/Apps/tv_series_assignment/app/models/application_record.rb": {
        "lines": [
          null,
          null,
          1,
          1,
          null
        ]
      },
      "/home/awsmsid/Desktop/Apps/tv_series_assignment/app/models/country.rb": {
        "lines": [
          null,
          null,
          1,
          1,
          1,
          null
        ]
      },
      "/home/awsmsid/Desktop/Apps/tv_series_assignment/app/models/director.rb": {
        "lines": [
          null,
          null,
          1,
          1,
          1,
          null
        ]
      },
      "/home/awsmsid/Desktop/Apps/tv_series_assignment/app/models/genre.rb": {
        "lines": [
          null,
          null,
          1,
          1,
          1,
          null
        ]
      },
      "/home/awsmsid/Desktop/Apps/tv_series_assignment/app/models/project.rb": {
        "lines": [
          null,
          null,
          1,
          1,
          1,
          null
        ]
      },
      "/home/awsmsid/Desktop/Apps/tv_series_assignment/app/models/review.rb": {
        "lines": [
          null,
          null,
          1,
          1,
          1,
          1,
          null
        ]
      },
      "/home/awsmsid/Desktop/Apps/tv_series_assignment/app/models/tv_series.rb": {
        "lines": [
          null,
          null,
          1,
          1,
          1,
          1,
          1,
          1,
          1,
          1,
          null
        ]
      },
      "/home/awsmsid/Desktop/Apps/tv_series_assignment/app/models/user.rb": {
        "lines": [
          null,
          null,
          1,
          1,
          1,
          null
        ]
      },
      "/home/awsmsid/Desktop/Apps/tv_series_assignment/app/channels/application_cable/channel.rb": {
        "lines": [
          0,
          0,
          0,
          0
        ],
        "branches": {
        }
      },
      "/home/awsmsid/Desktop/Apps/tv_series_assignment/app/channels/application_cable/connection.rb": {
        "lines": [
          0,
          0,
          0,
          0
        ],
        "branches": {
        }
      },
      "/home/awsmsid/Desktop/Apps/tv_series_assignment/app/helpers/application_helper.rb": {
        "lines": [
          null,
          null,
          0,
          0
        ],
        "branches": {
        }
      },
      "/home/awsmsid/Desktop/Apps/tv_series_assignment/app/helpers/tv_series_helper.rb": {
        "lines": [
          null,
          null,
          0,
          0
        ],
        "branches": {
        }
      }
    },
    "timestamp": 1623603445
  }
}
